[debug] [2020-09-15T23:38:16.466Z] ----------------------------------------------------------------------
[debug] [2020-09-15T23:38:16.468Z] Command:       /usr/local/bin/node /usr/local/bin/firebase deploy
[debug] [2020-09-15T23:38:16.468Z] CLI Version:   8.2.0
[debug] [2020-09-15T23:38:16.468Z] Platform:      darwin
[debug] [2020-09-15T23:38:16.468Z] Node Version:  v12.16.3
[debug] [2020-09-15T23:38:16.482Z] Time:          Tue Sep 15 2020 16:38:16 GMT-0700 (Pacific Daylight Time)
[debug] [2020-09-15T23:38:16.482Z] ----------------------------------------------------------------------
[debug] [2020-09-15T23:38:16.483Z] 
[debug] [2020-09-15T23:38:16.495Z] > command requires scopes: ["email","openid","https://www.googleapis.com/auth/cloudplatformprojects.readonly","https://www.googleapis.com/auth/firebase","https://www.googleapis.com/auth/cloud-platform"]
[debug] [2020-09-15T23:38:16.496Z] > authorizing via signed-in user
[debug] [2020-09-15T23:38:16.496Z] [iam] checking project just-for-java for permissions ["firebase.projects.get","firebasehosting.sites.update"]
[debug] [2020-09-15T23:38:16.500Z] >>> HTTP REQUEST POST https://cloudresourcemanager.googleapis.com/v1/projects/just-for-java:testIamPermissions  
 {"permissions":["firebase.projects.get","firebasehosting.sites.update"]}
[debug] [2020-09-15T23:38:16.871Z] <<< HTTP RESPONSE 200 {"content-type":"application/json; charset=UTF-8","vary":"X-Origin, Referer, Origin,Accept-Encoding","date":"Tue, 15 Sep 2020 23:38:18 GMT","server":"ESF","cache-control":"private","x-xss-protection":"0","x-frame-options":"SAMEORIGIN","x-content-type-options":"nosniff","server-timing":"gfet4t7; dur=180","alt-svc":"h3-29=\":443\"; ma=2592000,h3-27=\":443\"; ma=2592000,h3-T051=\":443\"; ma=2592000,h3-T050=\":443\"; ma=2592000,h3-Q050=\":443\"; ma=2592000,h3-Q046=\":443\"; ma=2592000,h3-Q043=\":443\"; ma=2592000,quic=\":443\"; ma=2592000; v=\"46,43\"","accept-ranges":"none","transfer-encoding":"chunked"}
[debug] [2020-09-15T23:38:16.872Z] [iam] error while checking permissions, command may fail: FirebaseError: Authorization failed. This account is missing the following required permissions on project just-for-java:

  firebase.projects.get
  firebasehosting.sites.update
[debug] [2020-09-15T23:38:16.873Z] >>> HTTP REQUEST GET https://firebase.googleapis.com/v1beta1/projects/just-for-java  
 
[debug] [2020-09-15T23:38:17.159Z] <<< HTTP RESPONSE 403 {"vary":"X-Origin, Referer, Origin,Accept-Encoding","content-type":"application/json; charset=UTF-8","date":"Tue, 15 Sep 2020 23:38:18 GMT","server":"ESF","cache-control":"private","x-xss-protection":"0","x-frame-options":"SAMEORIGIN","x-content-type-options":"nosniff","alt-svc":"h3-29=\":443\"; ma=2592000,h3-27=\":443\"; ma=2592000,h3-T051=\":443\"; ma=2592000,h3-T050=\":443\"; ma=2592000,h3-Q050=\":443\"; ma=2592000,h3-Q046=\":443\"; ma=2592000,h3-Q043=\":443\"; ma=2592000,quic=\":443\"; ma=2592000; v=\"46,43\"","accept-ranges":"none","transfer-encoding":"chunked"}
[debug] [2020-09-15T23:38:17.159Z] <<< HTTP RESPONSE BODY {"error":{"code":403,"message":"The caller does not have permission","status":"PERMISSION_DENIED"}}
[debug] [2020-09-15T23:38:17.160Z] HTTP Error: 403, The caller does not have permission
[debug] [2020-09-15T23:38:17.264Z] FirebaseError: HTTP Error: 403, The caller does not have permission
    at module.exports (/usr/local/lib/node_modules/firebase-tools/lib/responseToError.js:38:12)
    at Request._callback (/usr/local/lib/node_modules/firebase-tools/lib/api.js:41:35)
    at Request.self.callback (/usr/local/lib/node_modules/firebase-tools/node_modules/request/request.js:185:22)
    at Request.emit (events.js:310:20)
    at Request.EventEmitter.emit (domain.js:482:12)
    at Request.<anonymous> (/usr/local/lib/node_modules/firebase-tools/node_modules/request/request.js:1154:10)
    at Request.emit (events.js:310:20)
    at Request.EventEmitter.emit (domain.js:482:12)
    at IncomingMessage.<anonymous> (/usr/local/lib/node_modules/firebase-tools/node_modules/request/request.js:1076:12)
    at Object.onceWrapper (events.js:416:28)
    at IncomingMessage.emit (events.js:322:22)
    at IncomingMessage.EventEmitter.emit (domain.js:482:12)
    at endReadableNT (_stream_readable.js:1187:12)
    at processTicksAndRejections (internal/process/task_queues.js:84:21)
[error] 
[error] Error: Failed to get Firebase project just-for-java. Please make sure the project exists and your account has permission to access it.
